============================= test session starts =============================
platform win32 -- Python 3.12.2, pytest-9.0.2, pluggy-1.6.0
rootdir: D:\VibeCode\Trade\backend
configfile: pyproject.toml
plugins: anyio-4.12.1, asyncio-1.3.0
asyncio: mode=Mode.STRICT, debug=False, asyncio_default_fixture_loop_scope=None, asyncio_default_test_loop_scope=function
collected 0 items / 1 error

=================================== ERRORS ====================================
_______________ ERROR collecting scripts/verify/test_sizing.py ________________
ImportError while importing test module 'D:\VibeCode\Trade\backend\scripts\verify\test_sizing.py'.
Hint: make sure your test modules/packages have valid Python names.
Traceback:
C:\Users\PCMD\AppData\Local\Programs\Python\Python312\Lib\importlib\__init__.py:90: in import_module
    return _bootstrap._gcd_import(name[level:], package, level)
           ^^^^^^^^^^^^^^^^^^^^^^^^^^^^^^^^^^^^^^^^^^^^^^^^^^^^
backend\scripts\verify\test_sizing.py:8: in <module>
    from app.risk.sizing import calculate_lot_size, get_risk_parity_multiplier
E   ImportError: cannot import name 'get_risk_parity_multiplier' from 'app.risk.sizing' (D:\VibeCode\Trade-2\backend\app\risk\sizing.py)
=========================== short test summary info ===========================
ERROR backend\scripts\verify\test_sizing.py
!!!!!!!!!!!!!!!!!!! Interrupted: 1 error during collection !!!!!!!!!!!!!!!!!!!!
============================== 1 error in 0.38s ===============================
